# JRE version: OpenJDK Runtime Environment (21.0.8) (build 21.0.8+-14196175-b1038.72)
# Java VM: OpenJDK 64-Bit Server VM (21.0.8+-14196175-b1038.72, mixed mode, tiered, compressed oops, compressed class ptrs, g1 gc, windows-amd64)
GC Precious Log:
 CardTable entry size: 512
 Card Set container configuration: InlinePtr #cards 4 size 8 Array Of Cards #cards 16 size 48 Howl #buckets 8 coarsen threshold 3686 Howl Bitmap #cards 512 size 80 coarsen threshold 460 Card regions per heap region 1 cards per card region 4096
 CPUs: 6 total, 6 available
 Memory: 16292M
 Large Page Support: Disabled
 NUMA Support: Disabled
 Compressed Oops: Enabled (Zero based)
 Heap Region Size: 2M
 Heap Min Capacity: 8M
 Heap Initial Capacity: 256M
 Heap Max Capacity: 4G
 Pre-touch: Disabled
 Parallel Workers: 6
 Concurrent Workers: 2
 Concurrent Refinement Workers: 6
 Periodic GC: Disabled
Heap:
 garbage-first heap   total 131072K, used 89763K [0x0000000700000000, 0x0000000800000000)
  region size 2048K, 1 young (2048K), 1 survivors (2048K)
 Metaspace       used 59018K, committed 60544K, reserved 1114112K
  class space    used 8199K, committed 8896K, reserved 1048576K
GC Heap History (20 events):
Event: 2.133 GC heap after
{Heap after GC invocations=5 (full 0):
 garbage-first heap   total 81920K, used 22030K [0x0000000700000000, 0x0000000800000000)
  region size 2048K, 6 young (12288K), 6 survivors (12288K)
 Metaspace       used 29315K, committed 29888K, reserved 1114112K
  class space    used 3885K, committed 4160K, reserved 1048576K
}
Event: 2.475 GC heap before
{Heap before GC invocations=5 (full 0):
 garbage-first heap   total 81920K, used 69134K [0x0000000700000000, 0x0000000800000000)
  region size 2048K, 24 young (49152K), 6 survivors (12288K)
 Metaspace       used 33753K, committed 34496K, reserved 1114112K
  class space    used 4669K, committed 4992K, reserved 1048576K
}
Event: 2.482 GC heap after
{Heap after GC invocations=6 (full 0):
 garbage-first heap   total 90112K, used 39315K [0x0000000700000000, 0x0000000800000000)
  region size 2048K, 3 young (6144K), 3 survivors (6144K)
 Metaspace       used 33753K, committed 34496K, reserved 1114112K
  class space    used 4669K, committed 4992K, reserved 1048576K
}
Event: 2.528 GC heap before
{Heap before GC invocations=6 (full 0):
 garbage-first heap   total 90112K, used 49555K [0x0000000700000000, 0x0000000800000000)
  region size 2048K, 6 young (12288K), 3 survivors (6144K)
 Metaspace       used 34279K, committed 35008K, reserved 1114112K
  class space    used 4760K, committed 5120K, reserved 1048576K
}
Event: 2.532 GC heap after
{Heap after GC invocations=7 (full 0):
 garbage-first heap   total 90112K, used 49385K [0x0000000700000000, 0x0000000800000000)
  region size 2048K, 2 young (4096K), 2 survivors (4096K)
 Metaspace       used 34279K, committed 35008K, reserved 1114112K
  class space    used 4760K, committed 5120K, reserved 1048576K
}
Event: 2.734 GC heap before
{Heap before GC invocations=8 (full 0):
 garbage-first heap   total 90112K, used 73961K [0x0000000700000000, 0x0000000800000000)
  region size 2048K, 12 young (24576K), 2 survivors (4096K)
 Metaspace       used 36541K, committed 37376K, reserved 1114112K
  class space    used 5133K, committed 5504K, reserved 1048576K
}
Event: 2.735 GC heap after
{Heap after GC invocations=9 (full 0):
 garbage-first heap   total 90112K, used 58791K [0x0000000700000000, 0x0000000800000000)
  region size 2048K, 2 young (4096K), 2 survivors (4096K)
 Metaspace       used 36541K, committed 37376K, reserved 1114112K
  class space    used 5133K, committed 5504K, reserved 1048576K
}
Event: 2.900 GC heap before
{Heap before GC invocations=9 (full 0):
 garbage-first heap   total 90112K, used 75175K [0x0000000700000000, 0x0000000800000000)
  region size 2048K, 10 young (20480K), 2 survivors (4096K)
 Metaspace       used 38579K, committed 39552K, reserved 1114112K
  class space    used 5483K, committed 5952K, reserved 1048576K
}
Event: 2.902 GC heap after
{Heap after GC invocations=10 (full 0):
 garbage-first heap   total 90112K, used 59418K [0x0000000700000000, 0x0000000800000000)
  region size 2048K, 2 young (4096K), 2 survivors (4096K)
 Metaspace       used 38579K, committed 39552K, reserved 1114112K
  class space    used 5483K, committed 5952K, reserved 1048576K
}
Event: 3.065 GC heap before
{Heap before GC invocations=11 (full 0):
 garbage-first heap   total 102400K, used 75802K [0x0000000700000000, 0x0000000800000000)
  region size 2048K, 10 young (20480K), 2 survivors (4096K)
 Metaspace       used 41008K, committed 42176K, reserved 1114112K
  class space    used 5886K, committed 6464K, reserved 1048576K
}
Event: 3.067 GC heap after
{Heap after GC invocations=12 (full 0):
 garbage-first heap   total 122880K, used 60352K [0x0000000700000000, 0x0000000800000000)
  region size 2048K, 1 young (2048K), 1 survivors (2048K)
 Metaspace       used 41008K, committed 42176K, reserved 1114112K
  class space    used 5886K, committed 6464K, reserved 1048576K
}
Event: 3.403 GC heap before
{Heap before GC invocations=12 (full 0):
 garbage-first heap   total 122880K, used 93120K [0x0000000700000000, 0x0000000800000000)
  region size 2048K, 18 young (36864K), 1 survivors (2048K)
 Metaspace       used 47707K, committed 48896K, reserved 1114112K
  class space    used 6653K, committed 7232K, reserved 1048576K
}
Event: 3.408 GC heap after
{Heap after GC invocations=13 (full 0):
 garbage-first heap   total 122880K, used 64532K [0x0000000700000000, 0x0000000800000000)
  region size 2048K, 3 young (6144K), 3 survivors (6144K)
 Metaspace       used 47707K, committed 48896K, reserved 1114112K
  class space    used 6653K, committed 7232K, reserved 1048576K
}
Event: 3.666 GC heap before
{Heap before GC invocations=13 (full 0):
 garbage-first heap   total 122880K, used 85012K [0x0000000700000000, 0x0000000800000000)
  region size 2048K, 14 young (28672K), 3 survivors (6144K)
 Metaspace       used 48222K, committed 49344K, reserved 1114112K
  class space    used 6707K, committed 7232K, reserved 1048576K
}
Event: 3.669 GC heap after
{Heap after GC invocations=14 (full 0):
 garbage-first heap   total 122880K, used 66680K [0x0000000700000000, 0x0000000800000000)
  region size 2048K, 2 young (4096K), 2 survivors (4096K)
 Metaspace       used 48222K, committed 49344K, reserved 1114112K
  class space    used 6707K, committed 7232K, reserved 1048576K
}
Event: 4.020 GC heap before
{Heap before GC invocations=15 (full 0):
 garbage-first heap   total 122880K, used 105592K [0x0000000700000000, 0x0000000800000000)
  region size 2048K, 19 young (38912K), 2 survivors (4096K)
 Metaspace       used 53565K, committed 54848K, reserved 1114112K
  class space    used 7457K, committed 8064K, reserved 1048576K
}
Event: 4.023 GC heap after
{Heap after GC invocations=16 (full 0):
 garbage-first heap   total 122880K, used 67999K [0x0000000700000000, 0x0000000800000000)
  region size 2048K, 3 young (6144K), 3 survivors (6144K)
 Metaspace       used 53565K, committed 54848K, reserved 1114112K
  class space    used 7457K, committed 8064K, reserved 1048576K
}
Event: 4.348 GC heap before
{Heap before GC invocations=16 (full 0):
 garbage-first heap   total 122880K, used 115103K [0x0000000700000000, 0x0000000800000000)
  region size 2048K, 20 young (40960K), 3 survivors (6144K)
 Metaspace       used 57095K, committed 58560K, reserved 1114112K
  class space    used 7869K, committed 8576K, reserved 1048576K
}
Event: 4.354 GC heap after
{Heap after GC invocations=17 (full 0):
 garbage-first heap   total 131072K, used 87165K [0x0000000700000000, 0x0000000800000000)
  region size 2048K, 3 young (6144K), 3 survivors (6144K)
 Metaspace       used 57095K, committed 58560K, reserved 1114112K
  class space    used 7869K, committed 8576K, reserved 1048576K
}
Event: 4.534 GC heap before
{Heap before GC invocations=17 (full 0):
 garbage-first heap   total 131072K, used 115837K [0x0000000700000000, 0x0000000800000000)
  region size 2048K, 17 young (34816K), 3 survivors (6144K)
 Metaspace       used 59018K, committed 60544K, reserved 1114112K
  class space    used 8199K, committed 8896K, reserved 1048576K
}

